2025-03-02 17:06:59,018 [Worker-7: Loading available Gradle versions] INFO  o.e.b.c.i.u.g.PublishedGradleVersions - Gradle version information cache is not available. Remote download required.
2025-03-02 17:08:57,148 [Worker-3: Import Getting Started Content] INFO  o.e.m.c.i.l.LifecycleMappingFactory - Using org.eclipse.m2e.jdt.JarLifecycleMapping lifecycle mapping for MavenProject: com.example:logging_app:0.0.1-SNAPSHOT @ C:\Users\Rishit Gupta\Documents\workspace-spring-tool-suite-4-4.28.1.RELEASE\SpringBoot3\logging_app\pom.xml.
2025-03-02 17:08:59,957 [Worker-3: Import Getting Started Content] INFO  o.e.m.j.i.AbstractJavaProjectConfigurator - Adding source folder /logging_app/src/main/java
2025-03-02 17:08:59,959 [Worker-3: Import Getting Started Content] INFO  o.e.m.j.i.AbstractJavaProjectConfigurator - Adding resource folder /logging_app/src/main/resources
2025-03-02 17:08:59,972 [Worker-3: Import Getting Started Content] INFO  o.e.m.j.i.AbstractJavaProjectConfigurator - Adding resource folder /logging_app/src/main/resources
2025-03-02 17:08:59,984 [Worker-3: Import Getting Started Content] INFO  o.e.m.j.i.AbstractJavaProjectConfigurator - Adding source folder /logging_app/src/test/java
2025-03-02 17:08:59,985 [Worker-3: Import Getting Started Content] INFO  o.e.m.j.i.AbstractJavaProjectConfigurator - Adding resource folder /logging_app/src/test/resources
2025-03-02 17:09:00,606 [Worker-3: Import Getting Started Content] INFO  o.e.m.c.i.p.ProjectConfigurationManager - Imported and configured 1 project(s) in 6 sec
2025-03-02 17:09:00,609 [Worker-3: Import Getting Started Content] INFO  o.e.m.c.i.p.ProjectConfigurationManager - Update started
2025-03-02 17:09:01,059 [Worker-3: Import Getting Started Content] INFO  o.e.m.c.i.l.LifecycleMappingFactory - Using org.eclipse.m2e.jdt.JarLifecycleMapping lifecycle mapping for MavenProject: com.example:logging_app:0.0.1-SNAPSHOT @ C:\Users\Rishit Gupta\Documents\workspace-spring-tool-suite-4-4.28.1.RELEASE\SpringBoot3\logging_app\pom.xml.
2025-03-02 17:09:01,437 [Worker-3: Import Getting Started Content] INFO  o.e.m.j.i.AbstractJavaProjectConfigurator - Adding source folder /logging_app/src/main/java
2025-03-02 17:09:01,438 [Worker-3: Import Getting Started Content] INFO  o.e.m.j.i.AbstractJavaProjectConfigurator - Adding resource folder /logging_app/src/main/resources
2025-03-02 17:09:01,439 [Worker-3: Import Getting Started Content] INFO  o.e.m.j.i.AbstractJavaProjectConfigurator - Adding resource folder /logging_app/src/main/resources
2025-03-02 17:09:01,440 [Worker-3: Import Getting Started Content] INFO  o.e.m.j.i.AbstractJavaProjectConfigurator - Adding source folder /logging_app/src/test/java
2025-03-02 17:09:01,441 [Worker-3: Import Getting Started Content] INFO  o.e.m.j.i.AbstractJavaProjectConfigurator - Adding resource folder /logging_app/src/test/resources
2025-03-02 17:09:02,027 [Worker-3: Import Getting Started Content] INFO  o.e.m.c.i.p.ProjectConfigurationManager - Update completed for 1 poms: local refresh takes 0.00 sec, refresh facades takes 0.00 sec, update config takes 0.00 sec 
2025-03-02 17:09:03,073 [Worker-2: Building] INFO  o.a.m.s.f.DefaultMavenResourcesFiltering - Copying 1 resource from src\main\resources to target\classes
2025-03-02 17:09:03,107 [Worker-2: Building] INFO  o.a.m.s.f.DefaultMavenResourcesFiltering - Copying 0 resource from src\main\resources to target\classes
2025-03-02 17:09:03,114 [Worker-2: Building] INFO  o.a.m.s.f.DefaultMavenResourcesFiltering - skip non existing resourceDirectory C:\Users\Rishit Gupta\Documents\workspace-spring-tool-suite-4-4.28.1.RELEASE\SpringBoot3\logging_app\src\test\resources
2025-03-02 17:15:19,187 [Worker-3: Building] INFO  o.a.m.s.f.DefaultMavenResourcesFiltering - Copying 1 resource from src\main\resources to target\classes
2025-03-02 17:15:19,193 [Worker-3: Building] INFO  o.a.m.s.f.DefaultMavenResourcesFiltering - Copying 0 resource from src\main\resources to target\classes
2025-03-02 17:15:19,198 [Worker-3: Building] INFO  o.a.m.s.f.DefaultMavenResourcesFiltering - skip non existing resourceDirectory C:\Users\Rishit Gupta\Documents\workspace-spring-tool-suite-4-4.28.1.RELEASE\SpringBoot3\logging_app\src\test\resources
2025-03-02 17:15:38,671 [Worker-3: Building] INFO  o.a.m.s.f.DefaultMavenResourcesFiltering - Copying 1 resource from src\main\resources to target\classes
2025-03-02 17:15:38,676 [Worker-3: Building] INFO  o.a.m.s.f.DefaultMavenResourcesFiltering - Copying 0 resource from src\main\resources to target\classes
2025-03-02 17:15:38,681 [Worker-3: Building] INFO  o.a.m.s.f.DefaultMavenResourcesFiltering - skip non existing resourceDirectory C:\Users\Rishit Gupta\Documents\workspace-spring-tool-suite-4-4.28.1.RELEASE\SpringBoot3\logging_app\src\test\resources
2025-03-02 17:16:15,912 [Worker-17: Building] INFO  o.a.m.s.f.DefaultMavenResourcesFiltering - Copying 1 resource from src\main\resources to target\classes
2025-03-02 17:16:15,914 [Worker-17: Building] INFO  o.a.m.s.f.DefaultMavenResourcesFiltering - Copying 0 resource from src\main\resources to target\classes
2025-03-02 17:16:15,917 [Worker-17: Building] INFO  o.a.m.s.f.DefaultMavenResourcesFiltering - skip non existing resourceDirectory C:\Users\Rishit Gupta\Documents\workspace-spring-tool-suite-4-4.28.1.RELEASE\SpringBoot3\logging_app\src\test\resources
2025-03-02 17:17:13,233 [Worker-19: Building] INFO  o.a.m.s.f.DefaultMavenResourcesFiltering - Copying 0 resource from src\main\resources to target\classes
2025-03-02 17:17:13,235 [Worker-19: Building] INFO  o.a.m.s.f.DefaultMavenResourcesFiltering - Copying 1 resource from src\main\resources to target\classes
2025-03-02 17:17:13,249 [Worker-19: Building] INFO  o.a.m.s.f.DefaultMavenResourcesFiltering - skip non existing resourceDirectory C:\Users\Rishit Gupta\Documents\workspace-spring-tool-suite-4-4.28.1.RELEASE\SpringBoot3\logging_app\src\test\resources
2025-03-02 17:24:11,543 [Worker-19: Building] INFO  o.a.m.s.f.DefaultMavenResourcesFiltering - Copying 1 resource from src\main\resources to target\classes
2025-03-02 17:24:11,548 [Worker-19: Building] INFO  o.a.m.s.f.DefaultMavenResourcesFiltering - Copying 1 resource from src\main\resources to target\classes
2025-03-02 17:24:11,555 [Worker-19: Building] INFO  o.a.m.s.f.DefaultMavenResourcesFiltering - skip non existing resourceDirectory C:\Users\Rishit Gupta\Documents\workspace-spring-tool-suite-4-4.28.1.RELEASE\SpringBoot3\logging_app\src\test\resources
2025-03-02 17:24:19,597 [Worker-16: Building] INFO  o.a.m.s.f.DefaultMavenResourcesFiltering - Copying 0 resource from src\main\resources to target\classes
2025-03-02 17:24:19,598 [Worker-16: Building] INFO  o.a.m.s.f.DefaultMavenResourcesFiltering - Copying 1 resource from src\main\resources to target\classes
2025-03-02 17:24:19,604 [Worker-16: Building] INFO  o.a.m.s.f.DefaultMavenResourcesFiltering - skip non existing resourceDirectory C:\Users\Rishit Gupta\Documents\workspace-spring-tool-suite-4-4.28.1.RELEASE\SpringBoot3\logging_app\src\test\resources
2025-03-02 17:24:54,430 [Worker-18: Building] INFO  o.a.m.s.f.DefaultMavenResourcesFiltering - Copying 1 resource from src\main\resources to target\classes
2025-03-02 17:24:54,435 [Worker-18: Building] INFO  o.a.m.s.f.DefaultMavenResourcesFiltering - Copying 1 resource from src\main\resources to target\classes
2025-03-02 17:24:54,440 [Worker-18: Building] INFO  o.a.m.s.f.DefaultMavenResourcesFiltering - skip non existing resourceDirectory C:\Users\Rishit Gupta\Documents\workspace-spring-tool-suite-4-4.28.1.RELEASE\SpringBoot3\logging_app\src\test\resources
2025-03-02 17:25:52,142 [Worker-19: Building] INFO  o.a.m.s.f.DefaultMavenResourcesFiltering - Copying 1 resource from src\main\resources to target\classes
2025-03-02 17:25:52,146 [Worker-19: Building] INFO  o.a.m.s.f.DefaultMavenResourcesFiltering - Copying 1 resource from src\main\resources to target\classes
2025-03-02 17:25:52,149 [Worker-19: Building] INFO  o.a.m.s.f.DefaultMavenResourcesFiltering - skip non existing resourceDirectory C:\Users\Rishit Gupta\Documents\workspace-spring-tool-suite-4-4.28.1.RELEASE\SpringBoot3\logging_app\src\test\resources
2025-03-02 17:27:26,484 [Worker-19: Building] INFO  o.a.m.s.f.DefaultMavenResourcesFiltering - Copying 1 resource from src\main\resources to target\classes
2025-03-02 17:27:26,487 [Worker-19: Building] INFO  o.a.m.s.f.DefaultMavenResourcesFiltering - Copying 1 resource from src\main\resources to target\classes
2025-03-02 17:27:26,489 [Worker-19: Building] INFO  o.a.m.s.f.DefaultMavenResourcesFiltering - skip non existing resourceDirectory C:\Users\Rishit Gupta\Documents\workspace-spring-tool-suite-4-4.28.1.RELEASE\SpringBoot3\logging_app\src\test\resources
2025-03-02 17:36:04,410 [Worker-18: Building] INFO  o.a.m.s.f.DefaultMavenResourcesFiltering - Copying 1 resource from src\main\resources to target\classes
2025-03-02 17:36:04,415 [Worker-18: Building] INFO  o.a.m.s.f.DefaultMavenResourcesFiltering - Copying 1 resource from src\main\resources to target\classes
2025-03-02 17:36:04,420 [Worker-18: Building] INFO  o.a.m.s.f.DefaultMavenResourcesFiltering - skip non existing resourceDirectory C:\Users\Rishit Gupta\Documents\workspace-spring-tool-suite-4-4.28.1.RELEASE\SpringBoot3\logging_app\src\test\resources
2025-03-02 17:37:24,469 [Worker-5: Building] INFO  o.a.m.s.f.DefaultMavenResourcesFiltering - Copying 1 resource from src\main\resources to target\classes
2025-03-02 17:37:24,475 [Worker-5: Building] INFO  o.a.m.s.f.DefaultMavenResourcesFiltering - Copying 1 resource from src\main\resources to target\classes
2025-03-02 17:37:24,479 [Worker-5: Building] INFO  o.a.m.s.f.DefaultMavenResourcesFiltering - skip non existing resourceDirectory C:\Users\Rishit Gupta\Documents\workspace-spring-tool-suite-4-4.28.1.RELEASE\SpringBoot3\logging_app\src\test\resources
2025-03-02 17:37:33,257 [Worker-5: Building] INFO  o.a.m.s.f.DefaultMavenResourcesFiltering - Copying 1 resource from src\main\resources to target\classes
2025-03-02 17:37:33,261 [Worker-5: Building] INFO  o.a.m.s.f.DefaultMavenResourcesFiltering - Copying 1 resource from src\main\resources to target\classes
2025-03-02 17:37:33,264 [Worker-5: Building] INFO  o.a.m.s.f.DefaultMavenResourcesFiltering - skip non existing resourceDirectory C:\Users\Rishit Gupta\Documents\workspace-spring-tool-suite-4-4.28.1.RELEASE\SpringBoot3\logging_app\src\test\resources
2025-03-02 17:37:57,891 [Worker-19: Building] INFO  o.a.m.s.f.DefaultMavenResourcesFiltering - Copying 1 resource from src\main\resources to target\classes
2025-03-02 17:37:57,893 [Worker-19: Building] INFO  o.a.m.s.f.DefaultMavenResourcesFiltering - Copying 1 resource from src\main\resources to target\classes
2025-03-02 17:37:57,895 [Worker-19: Building] INFO  o.a.m.s.f.DefaultMavenResourcesFiltering - skip non existing resourceDirectory C:\Users\Rishit Gupta\Documents\workspace-spring-tool-suite-4-4.28.1.RELEASE\SpringBoot3\logging_app\src\test\resources
2025-03-02 17:39:09,881 [Worker-5: Building] INFO  o.a.m.s.f.DefaultMavenResourcesFiltering - Copying 1 resource from src\main\resources to target\classes
2025-03-02 17:39:09,885 [Worker-5: Building] INFO  o.a.m.s.f.DefaultMavenResourcesFiltering - Copying 1 resource from src\main\resources to target\classes
2025-03-02 17:39:09,887 [Worker-5: Building] INFO  o.a.m.s.f.DefaultMavenResourcesFiltering - skip non existing resourceDirectory C:\Users\Rishit Gupta\Documents\workspace-spring-tool-suite-4-4.28.1.RELEASE\SpringBoot3\logging_app\src\test\resources
2025-03-02 17:39:18,082 [Worker-16: Updating Maven Project] INFO  o.e.m.c.i.p.ProjectConfigurationManager - Update started
2025-03-02 17:39:18,540 [Worker-16: Updating Maven Project] INFO  o.e.m.c.i.l.LifecycleMappingFactory - Using org.eclipse.m2e.jdt.JarLifecycleMapping lifecycle mapping for MavenProject: com.example:logging_app:0.0.1-SNAPSHOT @ C:\Users\Rishit Gupta\Documents\workspace-spring-tool-suite-4-4.28.1.RELEASE\SpringBoot3\logging_app\pom.xml.
2025-03-02 17:39:18,908 [Worker-16: Updating Maven Project] INFO  o.e.m.j.i.AbstractJavaProjectConfigurator - Adding source folder /logging_app/src/main/java
2025-03-02 17:39:18,909 [Worker-16: Updating Maven Project] INFO  o.e.m.j.i.AbstractJavaProjectConfigurator - Adding resource folder /logging_app/src/main/resources
2025-03-02 17:39:18,909 [Worker-16: Updating Maven Project] INFO  o.e.m.j.i.AbstractJavaProjectConfigurator - Adding resource folder /logging_app/src/main/resources
2025-03-02 17:39:18,910 [Worker-16: Updating Maven Project] INFO  o.e.m.j.i.AbstractJavaProjectConfigurator - Adding source folder /logging_app/src/test/java
2025-03-02 17:39:18,910 [Worker-16: Updating Maven Project] INFO  o.e.m.j.i.AbstractJavaProjectConfigurator - Adding resource folder /logging_app/src/test/resources
2025-03-02 17:39:19,109 [Worker-16: Updating Maven Project] INFO  o.e.m.c.i.p.ProjectConfigurationManager - Update completed for 1 poms: local refresh takes 0.00 sec, refresh facades takes 0.00 sec, update config takes 0.00 sec 
2025-03-02 17:39:19,451 [Worker-18: Building] INFO  o.a.m.s.f.DefaultMavenResourcesFiltering - Copying 1 resource from src\main\resources to target\classes
2025-03-02 17:39:19,473 [Worker-18: Building] INFO  o.a.m.s.f.DefaultMavenResourcesFiltering - Copying 1 resource from src\main\resources to target\classes
2025-03-02 17:39:19,479 [Worker-18: Building] INFO  o.a.m.s.f.DefaultMavenResourcesFiltering - skip non existing resourceDirectory C:\Users\Rishit Gupta\Documents\workspace-spring-tool-suite-4-4.28.1.RELEASE\SpringBoot3\logging_app\src\test\resources
